<?xml version="1.0" encoding="UTF-8"?>
<!-- Generated by org.testng.reporters.JUnitReportReporter -->
<testsuite hostname="DESKTOP-MO03QBL" failures="0" tests="1" name="com.flipkart_Assignment.FlipkartTest" time="19.849" errors="0" timestamp="14 Feb 2023 11:03:55 GMT" skipped="0">
  <testcase classname="com.flipkart_Assignment.FlipkartTest" name="searchToAdd" time="19.849"/>
</testsuite> <!-- com.flipkart_Assignment.FlipkartTest -->
